Arguments: 
  /Users/jherrera/.nvm/versions/node/v12.12.0/bin/node /Users/jherrera/.yarn/bin/yarn.js run start

PATH: 
  /usr/local/opt/postgresql@11/bin:/Users/jherrera/.yarn/bin:/Users/jherrera/.config/yarn/global/node_modules/.bin:/Users/jherrera/google-cloud-sdk/bin:/Users/jherrera/.nvm/versions/node/v12.12.0/bin:/Users/jherrera/.rbenv/shims:/Users/jherrera/google-cloud-sdk/bin:/Users/jherrera/bin:/usr/local/bin:/Users/jherrera/google-cloud-sdk/bin:/usr/bin:/bin:/usr/sbin:/sbin

Yarn version: 
  1.22.4

Node version: 
  12.12.0

Platform: 
  darwin x64

Trace: 
  SyntaxError: /Users/jherrera/practice/2020-10-31-practice-vim/package.json: Unexpected token 
   in JSON at position 208
      at JSON.parse (<anonymous>)
      at /Users/jherrera/.yarn/lib/cli.js:1625:59
      at Generator.next (<anonymous>)
      at step (/Users/jherrera/.yarn/lib/cli.js:310:30)
      at /Users/jherrera/.yarn/lib/cli.js:321:13

npm manifest: 
  {
    "name": "basic-project",
    "version": "1.0.0",
    "description": "A basic project to practice using Vim and this new keyboard",
    "main": "index.js",
    "author": "Shizus",
    "license": "MIT",
    "scripts: {
   "start": "node index.js" 
    }
  }

yarn manifest: 
  No manifest

Lockfile: 
  No lockfile
